@400000005017d0200f8843d4 14:31:18.260 IUcmkyGd - DEBUG com.nmote.mcf.McfMessageHandler - Message completed
@400000005017d0200f886ecc 14:31:18.260 IUcmkyGd - DEBUG o.s.smtp.server.Session - Server: 250 Ok id=IUcmkyGd, pass 127.0.0.1:10026 (2.0.0 Ok: queued as 34C552E3767)
@400000005017d02014f56cd4 2012-07-31 14:31:18
@400000005017d02014f5788c Full thread dump Java HotSpot(TM) Server VM (20.6-b01 mixed mode):
@400000005017d02014f57c74 
@400000005017d02014f57c74 "org.subethamail.smtp.server.Session-/127.0.0.1:35210" prio=10 tid=0x08ee3800 nid=0x23f7 runnable [0x6f1c6000]
@400000005017d02014f58444    java.lang.Thread.State: RUNNABLE
@400000005017d02014f5882c 	at java.net.SocketOutputStream.socketWrite0(Native Method)
@400000005017d02014f58c14 	at java.net.SocketOutputStream.socketWrite(SocketOutputStream.java:92)
@400000005017d02014f5ca94 	at java.net.SocketOutputStream.write(SocketOutputStream.java:115)
@400000005017d02014f5ce7c 	at org.subethamail.smtp.io.DotTerminatedOutputStream.write(DotTerminatedOutputStream.java:47)
@400000005017d02014f5d264 	at java.io.OutputStream.write(OutputStream.java:99)
@400000005017d02014f5d64c 	at org.subethamail.smtp.io.DotTerminatedOutputStream.write(DotTerminatedOutputStream.java:63)
@400000005017d02014f5da34 	at org.subethamail.smtp.io.CRLFOutputStream.writeChunk(CRLFOutputStream.java:106)
@400000005017d02014f60914 	at org.subethamail.smtp.io.ExtraDotOutputStream.writeChunk(ExtraDotOutputStream.java:52)
@400000005017d02014f60cfc 	at org.subethamail.smtp.io.CRLFOutputStream.write(CRLFOutputStream.java:122)
@400000005017d02014f610e4 	- locked <0x7411fb80> (a org.subethamail.smtp.io.ExtraDotOutputStream)
@400000005017d02014f614cc 	at org.subethamail.smtp.client.SmartClient.dataWrite(SmartClient.java:143)
@400000005017d02014f62c3c 	at com.nmote.mcf.SmtpDeliveryAgent.deliver(SmtpDeliveryAgent.java:56)
@400000005017d02014f63024 	at com.nmote.mcf.DefaultDeliveryAgent.deliver(DefaultDeliveryAgent.java:24)
@400000005017d02014f6340c 	at com.nmote.mcf.DeliveryMessageProcessor.redeliver(DeliveryMessageProcessor.java:63)
@400000005017d02014f637f4 	at com.nmote.mcf.DeliveryMessageProcessor.deliver(DeliveryMessageProcessor.java:51)
@400000005017d02014f643ac 	at com.nmote.mcf.CompositeMessageProcessor.deliver(CompositeMessageProcessor.java:39)
@400000005017d02014f64794 	at com.nmote.mcf.McfMessageHandler.data(McfMessageHandler.java:44)
@400000005017d02014f64b7c 	at org.subethamail.smtp.command.DataCommand.execute(DataCommand.java:62)
@400000005017d02014f64f64 	at org.subethamail.smtp.server.RequireTLSCommandWrapper.execute(RequireTLSCommandWrapper.java:30)
@400000005017d02014f65b1c 	at org.subethamail.smtp.server.CommandHandler.handleCommand(CommandHandler.java:99)
@400000005017d02014f65f04 	at org.subethamail.smtp.server.Session.runCommandLoop(Session.java:259)
@400000005017d02014f666d4 	at org.subethamail.smtp.server.Session.run(Session.java:160)
@400000005017d02014f66abc 	at java.util.concurrent.ThreadPoolExecutor$Worker.runTask(ThreadPoolExecutor.java:886)
@400000005017d02014f67674 	at java.util.concurrent.ThreadPoolExecutor$Worker.run(ThreadPoolExecutor.java:908)
@400000005017d02014f68614 	at java.lang.Thread.run(Thread.java:662)
@400000005017d02014f689fc 
@400000005017d02014f68de4 "pool-2-thread-134" prio=10 tid=0x08e43800 nid=0x23f4 waiting on condition [0x6ebc7000]
@400000005017d02014f691cc    java.lang.Thread.State: TIMED_WAITING (parking)
@400000005017d02014f695b4 	at sun.misc.Unsafe.park(Native Method)
@400000005017d02014f6999c 	- parking to wait for  <0x740432a8> (a java.util.concurrent.SynchronousQueue$TransferStack)
@400000005017d02014f6a554 	at java.util.concurrent.locks.LockSupport.parkNanos(LockSupport.java:196)
@400000005017d02014f6a93c 	at java.util.concurrent.SynchronousQueue$TransferStack.awaitFulfill(SynchronousQueue.java:424)
@400000005017d02014f6ad24 	at java.util.concurrent.SynchronousQueue$TransferStack.transfer(SynchronousQueue.java:323)
@400000005017d02014f6b10c 	at java.util.concurrent.SynchronousQueue.poll(SynchronousQueue.java:874)
@400000005017d02014f6bcc4 	at java.util.concurrent.ThreadPoolExecutor.getTask(ThreadPoolExecutor.java:945)
@400000005017d02014f6c0ac 	at java.util.concurrent.ThreadPoolExecutor$Worker.run(ThreadPoolExecutor.java:907)
@400000005017d02014f6c494 	at java.lang.Thread.run(Thread.java:662)
@400000005017d02014f6c87c 
@400000005017d02014f6cc64 "pool-2-thread-133" prio=10 tid=0x08e0f400 nid=0x23f2 waiting on condition [0x6ed0b000]
@400000005017d02014f6d81c    java.lang.Thread.State: TIMED_WAITING (parking)
@400000005017d02014f6eba4 	at sun.misc.Unsafe.park(Native Method)
@400000005017d02014f6ef8c 	- parking to wait for  <0x740432a8> (a java.util.concurrent.SynchronousQueue$TransferStack)
@400000005017d02014f6f374 	at java.util.concurrent.locks.LockSupport.parkNanos(LockSupport.java:196)
@400000005017d02014f6f75c 	at java.util.concurrent.SynchronousQueue$TransferStack.awaitFulfill(SynchronousQueue.java:424)
@400000005017d02014f6fb44 	at java.util.concurrent.SynchronousQueue$TransferStack.transfer(SynchronousQueue.java:323)
@400000005017d02014f706fc 	at java.util.concurrent.SynchronousQueue.poll(SynchronousQueue.java:874)
@400000005017d02014f70ae4 	at java.util.concurrent.ThreadPoolExecutor.getTask(ThreadPoolExecutor.java:945)
@400000005017d02014f712b4 	at java.util.concurrent.ThreadPoolExecutor$Worker.run(ThreadPoolExecutor.java:907)
@400000005017d02014f7169c 	at java.lang.Thread.run(Thread.java:662)
@400000005017d02014f71a84 
@400000005017d02014f735dc "pool-2-thread-132" prio=10 tid=0x08ee1800 nid=0x23ed waiting on condition [0x6f217000]
@400000005017d02014f739c4    java.lang.Thread.State: TIMED_WAITING (parking)
@400000005017d02014f73dac 	at sun.misc.Unsafe.park(Native Method)
@400000005017d02014f74194 	- parking to wait for  <0x740432a8> (a java.util.concurrent.SynchronousQueue$TransferStack)
@400000005017d02014f7457c 	at java.util.concurrent.locks.LockSupport.parkNanos(LockSupport.java:196)
@400000005017d02014f75904 	at java.util.concurrent.SynchronousQueue$TransferStack.awaitFulfill(SynchronousQueue.java:424)
@400000005017d02014f75cec 	at java.util.concurrent.SynchronousQueue$TransferStack.transfer(SynchronousQueue.java:323)
@400000005017d02014f760d4 	at java.util.concurrent.SynchronousQueue.poll(SynchronousQueue.java:874)
@400000005017d02014f764bc 	at java.util.concurrent.ThreadPoolExecutor.getTask(ThreadPoolExecutor.java:945)
@400000005017d02014f77074 	at java.util.concurrent.ThreadPoolExecutor$Worker.run(ThreadPoolExecutor.java:907)
@400000005017d02014f7745c 	at java.lang.Thread.run(Thread.java:662)
@400000005017d02014f77c2c 
@400000005017d02014f77c2c "pool-2-thread-131" prio=10 tid=0x08db2800 nid=0x23e5 waiting on condition [0x6e8fe000]
@400000005017d02014f78014    java.lang.Thread.State: TIMED_WAITING (parking)
@400000005017d02014f783fc 	at sun.misc.Unsafe.park(Native Method)
@400000005017d02014f78fb4 	- parking to wait for  <0x740432a8> (a java.util.concurrent.SynchronousQueue$TransferStack)
@400000005017d02014f7939c 	at java.util.concurrent.locks.LockSupport.parkNanos(LockSupport.java:196)
@400000005017d02014f79b6c 	at java.util.concurrent.SynchronousQueue$TransferStack.awaitFulfill(SynchronousQueue.java:424)
@400000005017d02014f79f54 	at java.util.concurrent.SynchronousQueue$TransferStack.transfer(SynchronousQueue.java:323)
@400000005017d02014f7b2dc 	at java.util.concurrent.SynchronousQueue.poll(SynchronousQueue.java:874)
@400000005017d02014f7b6c4 	at java.util.concurrent.ThreadPoolExecutor.getTask(ThreadPoolExecutor.java:945)
@400000005017d02014f7baac 	at java.util.concurrent.ThreadPoolExecutor$Worker.run(ThreadPoolExecutor.java:907)
@400000005017d02014f7be94 	at java.lang.Thread.run(Thread.java:662)
@400000005017d02014f7c27c 
@400000005017d02014f7ca4c "org.subethamail.smtp.server.Session-/127.0.0.1:35052" prio=10 tid=0x08fae400 nid=0x23e4 runnable [0x6e85c000]
@400000005017d02014f7d21c    java.lang.Thread.State: RUNNABLE
@400000005017d02014f7d604 	at java.net.SocketInputStream.socketRead0(Native Method)
@400000005017d02014f7d9ec 	at java.net.SocketInputStream.read(SocketInputStream.java:129)
@400000005017d02014f7ddd4 	at java.net.SocketInputStream.read(SocketInputStream.java:182)
@400000005017d02014f7e1bc 	at org.subethamail.smtp.io.CRLFTerminatedReader.read(CRLFTerminatedReader.java:194)
@400000005017d02014f7ed74 	at org.subethamail.smtp.io.CRLFTerminatedReader.readLine(CRLFTerminatedReader.java:135)
@400000005017d02014f7f15c 	at org.subethamail.smtp.server.Session.runCommandLoop(Session.java:237)
@400000005017d02014f7f92c 	at org.subethamail.smtp.server.Session.run(Session.java:160)
@400000005017d02014f7fd14 	at java.util.concurrent.ThreadPoolExecutor$Worker.runTask(ThreadPoolExecutor.java:886)
@400000005017d02014f80cb4 	at java.util.concurrent.ThreadPoolExecutor$Worker.run(ThreadPoolExecutor.java:908)
@400000005017d02014f8109c 	at java.lang.Thread.run(Thread.java:662)
@400000005017d02014f81484 
@400000005017d02014f8186c "pool-2-thread-129" prio=10 tid=0x08f7b800 nid=0x23e3 waiting on condition [0x6ed5c000]
@400000005017d02014f81c54    java.lang.Thread.State: TIMED_WAITING (parking)
@400000005017d02014f8203c 	at sun.misc.Unsafe.park(Native Method)
@400000005017d02014f82bf4 	- parking to wait for  <0x740432a8> (a java.util.concurrent.SynchronousQueue$TransferStack)
@400000005017d02014f82fdc 	at java.util.concurrent.locks.LockSupport.parkNanos(LockSupport.java:196)
@400000005017d02014f833c4 	at java.util.concurrent.SynchronousQueue$TransferStack.awaitFulfill(SynchronousQueue.java:424)
@400000005017d02014f837ac 	at java.util.concurrent.SynchronousQueue$TransferStack.transfer(SynchronousQueue.java:323)
@400000005017d02014f85304 	at java.util.concurrent.SynchronousQueue.poll(SynchronousQueue.java:874)
@400000005017d02014f85ad4 	at java.util.concurrent.ThreadPoolExecutor.getTask(ThreadPoolExecutor.java:945)
@400000005017d02014f85ebc 	at java.util.concurrent.ThreadPoolExecutor$Worker.run(ThreadPoolExecutor.java:907)
@400000005017d02014f862a4 	at java.lang.Thread.run(Thread.java:662)
@400000005017d02014f8668c 
@400000005017d02014f87244 "pool-2-thread-128" prio=10 tid=0x08f36000 nid=0x23da waiting on condition [0x6f437000]
@400000005017d02014f885cc    java.lang.Thread.State: TIMED_WAITING (parking)
@400000005017d02014f889b4 	at sun.misc.Unsafe.park(Native Method)
@400000005017d02014f88d9c 	- parking to wait for  <0x740432a8> (a java.util.concurrent.SynchronousQueue$TransferStack)
@400000005017d02014f89184 	at java.util.concurrent.locks.LockSupport.parkNanos(LockSupport.java:196)
@400000005017d02014f8956c 	at java.util.concurrent.SynchronousQueue$TransferStack.awaitFulfill(SynchronousQueue.java:424)
@400000005017d02014f8a124 	at java.util.concurrent.SynchronousQueue$TransferStack.transfer(SynchronousQueue.java:323)
@400000005017d02014f8a50c 	at java.util.concurrent.SynchronousQueue.poll(SynchronousQueue.java:874)
@400000005017d02014f8acdc 	at java.util.concurrent.ThreadPoolExecutor.getTask(ThreadPoolExecutor.java:945)
@400000005017d02014f8b0c4 	at java.util.concurrent.ThreadPoolExecutor$Worker.run(ThreadPoolExecutor.java:907)
@400000005017d02014f8b894 	at java.lang.Thread.run(Thread.java:662)
@400000005017d02014f8bc7c 
@400000005017d02014f8c064 "org.subethamail.smtp.server.Session-/127.0.0.1:35215" prio=10 tid=0x08fa0400 nid=0x23d9 runnable [0x6ea83000]
@400000005017d02014f8c44c    java.lang.Thread.State: RUNNABLE
@400000005017d02014f8cc1c 	at java.net.SocketOutputStream.socketWrite0(Native Method)
@400000005017d02014f8d004 	at java.net.SocketOutputStream.socketWrite(SocketOutputStream.java:92)
@400000005017d02014f8dfa4 	at java.net.SocketOutputStream.write(SocketOutputStream.java:115)
@400000005017d02014f8e38c 	at org.subethamail.smtp.io.DotTerminatedOutputStream.write(DotTerminatedOutputStream.java:47)
@400000005017d02014f8e774 	at java.io.OutputStream.write(OutputStream.java:99)
@400000005017d02014f8eb5c 	at org.subethamail.smtp.io.DotTerminatedOutputStream.write(DotTerminatedOutputStream.java:63)
@400000005017d02014f8ef44 	at org.subethamail.smtp.io.CRLFOutputStream.writeChunk(CRLFOutputStream.java:106)
@400000005017d02014f8fafc 	at org.subethamail.smtp.io.ExtraDotOutputStream.writeChunk(ExtraDotOutputStream.java:52)
@400000005017d02014f8fee4 	at org.subethamail.smtp.io.CRLFOutputStream.write(CRLFOutputStream.java:122)
@400000005017d02014f906b4 	- locked <0x74163740> (a org.subethamail.smtp.io.ExtraDotOutputStream)
@400000005017d02014f90a9c 	at org.subethamail.smtp.client.SmartClient.dataWrite(SmartClient.java:143)
@400000005017d02014f9126c 	at com.nmote.mcf.SmtpDeliveryAgent.deliver(SmtpDeliveryAgent.java:56)
@400000005017d02014f91a3c 	at com.nmote.mcf.DefaultDeliveryAgent.deliver(DefaultDeliveryAgent.java:24)
@400000005017d02014f91e24 	at com.nmote.mcf.DeliveryMessageProcessor.redeliver(DeliveryMessageProcessor.java:63)
@400000005017d02014f9220c 	at com.nmote.mcf.DeliveryMessageProcessor.deliver(DeliveryMessageProcessor.java:51)
@400000005017d02014f93594 	at com.nmote.mcf.CompositeMessageProcessor.deliver(CompositeMessageProcessor.java:39)
@400000005017d02014f9397c 	at com.nmote.mcf.McfMessageHandler.data(McfMessageHandler.java:44)
@400000005017d02014f93d64 	at org.subethamail.smtp.command.DataCommand.execute(DataCommand.java:62)
@400000005017d02014f9414c 	at org.subethamail.smtp.server.RequireTLSCommandWrapper.execute(RequireTLSCommandWrapper.java:30)
@400000005017d02014f94d04 	at org.subethamail.smtp.server.CommandHandler.handleCommand(CommandHandler.java:99)
@400000005017d02014f950ec 	at org.subethamail.smtp.server.Session.runCommandLoop(Session.java:259)
@400000005017d02014f954d4 	at org.subethamail.smtp.server.Session.run(Session.java:160)
@400000005017d02014f95ca4 	at java.util.concurrent.ThreadPoolExecutor$Worker.runTask(ThreadPoolExecutor.java:886)
@400000005017d02014f977fc 	at java.util.concurrent.ThreadPoolExecutor$Worker.run(ThreadPoolExecutor.java:908)
@400000005017d02014f97be4 	at java.lang.Thread.run(Thread.java:662)
@400000005017d02014f97fcc 
@400000005017d02014f97fcc "pool-2-thread-126" prio=10 tid=0x08fec400 nid=0x23d5 waiting on condition [0x6ecba000]
@400000005017d02014f9879c    java.lang.Thread.State: TIMED_WAITING (parking)
@400000005017d02014f98b84 	at sun.misc.Unsafe.park(Native Method)
@400000005017d02014f9973c 	- parking to wait for  <0x740432a8> (a java.util.concurrent.SynchronousQueue$TransferStack)
@400000005017d02014f9a6dc 	at java.util.concurrent.locks.LockSupport.parkNanos(LockSupport.java:196)
@400000005017d02014f9aac4 	at java.util.concurrent.SynchronousQueue$TransferStack.awaitFulfill(SynchronousQueue.java:424)
@400000005017d02014f9aeac 	at java.util.concurrent.SynchronousQueue$TransferStack.transfer(SynchronousQueue.java:323)
@400000005017d02014f9b67c 	at java.util.concurrent.SynchronousQueue.poll(SynchronousQueue.java:874)
@400000005017d02014f9be4c 	at java.util.concurrent.ThreadPoolExecutor.getTask(ThreadPoolExecutor.java:945)
@400000005017d02014f9c61c 	at java.util.concurrent.ThreadPoolExecutor$Worker.run(ThreadPoolExecutor.java:907)
@400000005017d02014f9ca04 	at java.lang.Thread.run(Thread.java:662)
@400000005017d02014f9cdec 
@400000005017d02014f9d1d4 "org.subethamail.smtp.server.Session-/127.0.0.1:35004" prio=10 tid=0x08f37400 nid=0x2170 runnable [0x6edad000]
@400000005017d02014f9dd8c    java.lang.Thread.State: RUNNABLE
@400000005017d02014f9e174 	at java.net.SocketOutputStream.socketWrite0(Native Method)
@400000005017d02014f9e55c 	at java.net.SocketOutputStream.socketWrite(SocketOutputStream.java:92)
@400000005017d02014f9e944 	at java.net.SocketOutputStream.write(SocketOutputStream.java:115)
@400000005017d02014f9ed2c 	at org.subethamail.smtp.io.DotTerminatedOutputStream.write(DotTerminatedOutputStream.java:47)
@400000005017d02014f9f8e4 	at java.io.OutputStream.write(OutputStream.java:99)
@400000005017d02014fa0c6c 	at org.subethamail.smtp.io.DotTerminatedOutputStream.write(DotTerminatedOutputStream.java:63)
@400000005017d02014fa1054 	at org.subethamail.smtp.io.CRLFOutputStream.writeChunk(CRLFOutputStream.java:106)
@400000005017d02014fa143c 	at org.subethamail.smtp.io.ExtraDotOutputStream.writeChunk(ExtraDotOutputStream.java:52)
@400000005017d02014fa1824 	at org.subethamail.smtp.io.CRLFOutputStream.write(CRLFOutputStream.java:122)
@400000005017d02014fa23dc 	- locked <0x743682c0> (a org.subethamail.smtp.io.ExtraDotOutputStream)
@400000005017d02014fa27c4 	at org.subethamail.smtp.client.SmartClient.dataWrite(SmartClient.java:143)
@400000005017d02014fa2bac 	at com.nmote.mcf.SmtpDeliveryAgent.deliver(SmtpDeliveryAgent.java:56)
@400000005017d02014fa2f94 	at com.nmote.mcf.DefaultDeliveryAgent.deliver(DefaultDeliveryAgent.java:24)
@400000005017d02014fa3764 	at com.nmote.mcf.DeliveryMessageProcessor.redeliver(DeliveryMessageProcessor.java:63)
@400000005017d02014fa3f34 	at com.nmote.mcf.DeliveryMessageProcessor.deliver(DeliveryMessageProcessor.java:51)
@400000005017d02014fa431c 	at com.nmote.mcf.CompositeMessageProcessor.deliver(CompositeMessageProcessor.java:39)
@400000005017d02014fa4aec 	at com.nmote.mcf.McfMessageHandler.data(McfMessageHandler.java:44)
@400000005017d02014fa4ed4 	at org.subethamail.smtp.command.DataCommand.execute(DataCommand.java:62)
@400000005017d02014fa625c 	at org.subethamail.smtp.server.RequireTLSCommandWrapper.execute(RequireTLSCommandWrapper.java:30)
@400000005017d02014fa6644 	at org.subethamail.smtp.server.CommandHandler.handleCommand(CommandHandler.java:99)
@400000005017d02014fa6a2c 	at org.subethamail.smtp.server.Session.runCommandLoop(Session.java:259)
@400000005017d02014fa6e14 	at org.subethamail.smtp.server.Session.run(Session.java:160)
@400000005017d02014fa896c 	at java.util.concurrent.ThreadPoolExecutor$Worker.runTask(ThreadPoolExecutor.java:886)
@400000005017d02014fa8d54 	at java.util.concurrent.ThreadPoolExecutor$Worker.run(ThreadPoolExecutor.java:908)
@400000005017d02014fa913c 	at java.lang.Thread.run(Thread.java:662)
@400000005017d02014fa9524 
@400000005017d02014fa990c "org.subethamail.smtp.server.Session-/127.0.0.1:35050" prio=10 tid=0x08db1000 nid=0x216f runnable [0x6ec69000]
@400000005017d02014faa4c4    java.lang.Thread.State: RUNNABLE
@400000005017d02014faa8ac 	at java.net.SocketOutputStream.socketWrite0(Native Method)
@400000005017d02014faac94 	at java.net.SocketOutputStream.socketWrite(SocketOutputStream.java:92)
@400000005017d02014fab07c 	at java.net.SocketOutputStream.write(SocketOutputStream.java:115)
@400000005017d02014fab464 	at org.subethamail.smtp.io.DotTerminatedOutputStream.write(DotTerminatedOutputStream.java:47)
@400000005017d02014fac7ec 	at java.io.OutputStream.write(OutputStream.java:99)
@400000005017d02014facbd4 	at org.subethamail.smtp.io.DotTerminatedOutputStream.write(DotTerminatedOutputStream.java:63)
@400000005017d02014facfbc 	at org.subethamail.smtp.io.CRLFOutputStream.writeChunk(CRLFOutputStream.java:106)
@400000005017d02014fad78c 	at org.subethamail.smtp.io.ExtraDotOutputStream.writeChunk(ExtraDotOutputStream.java:52)
@400000005017d02014fae344 	at org.subethamail.smtp.io.CRLFOutputStream.write(CRLFOutputStream.java:122)
@400000005017d02014fae72c 	- locked <0x9f1ad328> (a org.subethamail.smtp.io.ExtraDotOutputStream)
@400000005017d02014faeb14 	at org.subethamail.smtp.client.SmartClient.dataWrite(SmartClient.java:143)
@400000005017d02014faeefc 	at com.nmote.mcf.SmtpDeliveryAgent.deliver(SmtpDeliveryAgent.java:56)
@400000005017d02014fafab4 	at com.nmote.mcf.DefaultDeliveryAgent.deliver(DefaultDeliveryAgent.java:24)
@400000005017d02014fafe9c 	at com.nmote.mcf.DeliveryMessageProcessor.redeliver(DeliveryMessageProcessor.java:63)
@400000005017d02014fb0284 	at com.nmote.mcf.DeliveryMessageProcessor.deliver(DeliveryMessageProcessor.java:51)
@400000005017d02014fb066c 	at com.nmote.mcf.CompositeMessageProcessor.deliver(CompositeMessageProcessor.java:39)
@400000005017d02014fb1224 	at com.nmote.mcf.McfMessageHandler.data(McfMessageHandler.java:44)
@400000005017d02014fb25ac 	at org.subethamail.smtp.command.DataCommand.execute(DataCommand.java:62)
@400000005017d02014fb2994 	at org.subethamail.smtp.server.RequireTLSCommandWrapper.execute(RequireTLSCommandWrapper.java:30)
@400000005017d02014fb2d7c 	at org.subethamail.smtp.server.CommandHandler.handleCommand(CommandHandler.java:99)
@400000005017d02014fb3164 	at org.subethamail.smtp.server.Session.runCommandLoop(Session.java:259)
@400000005017d02014fb3d1c 	at org.subethamail.smtp.server.Session.run(Session.java:160)
@400000005017d02014fb4104 	at java.util.concurrent.ThreadPoolExecutor$Worker.runTask(ThreadPoolExecutor.java:886)
@400000005017d02014fb44ec 	at java.util.concurrent.ThreadPoolExecutor$Worker.run(ThreadPoolExecutor.java:908)
@400000005017d02014fb48d4 	at java.lang.Thread.run(Thread.java:662)
@400000005017d02014fb4cbc 
@400000005017d02014fb4cbc "org.subethamail.smtp.server.Session-/127.0.0.1:35037" prio=10 tid=0x08e47000 nid=0x2156 runnable [0x6e80b000]
@400000005017d02014fb5874    java.lang.Thread.State: RUNNABLE
@400000005017d02014fb5c5c 	at java.net.SocketOutputStream.socketWrite0(Native Method)
@400000005017d02014fb6044 	at java.net.SocketOutputStream.socketWrite(SocketOutputStream.java:92)
@400000005017d02014fb6814 	at java.net.SocketOutputStream.write(SocketOutputStream.java:115)
@400000005017d02014fb6bfc 	at org.subethamail.smtp.io.DotTerminatedOutputStream.write(DotTerminatedOutputStream.java:47)
@400000005017d02014fb7f84 	at java.io.OutputStream.write(OutputStream.java:99)
@400000005017d02014fb836c 	at org.subethamail.smtp.io.DotTerminatedOutputStream.write(DotTerminatedOutputStream.java:63)
@400000005017d02014fb8754 	at org.subethamail.smtp.io.CRLFOutputStream.writeChunk(CRLFOutputStream.java:106)
@400000005017d02014fb8b3c 	at org.subethamail.smtp.io.ExtraDotOutputStream.writeChunk(ExtraDotOutputStream.java:52)
@400000005017d02014fba694 	at org.subethamail.smtp.io.CRLFOutputStream.write(CRLFOutputStream.java:122)
@400000005017d02014fbaa7c 	- locked <0x74b0e2a8> (a org.subethamail.smtp.io.ExtraDotOutputStream)
@400000005017d02014fbae64 	at org.subethamail.smtp.client.SmartClient.dataWrite(SmartClient.java:143)
@400000005017d02014fbb24c 	at com.nmote.mcf.SmtpDeliveryAgent.deliver(SmtpDeliveryAgent.java:56)
@400000005017d02014fbbe04 	at com.nmote.mcf.DefaultDeliveryAgent.deliver(DefaultDeliveryAgent.java:24)
@400000005017d02014fbc1ec 	at com.nmote.mcf.DeliveryMessageProcessor.redeliver(DeliveryMessageProcessor.java:63)
@400000005017d02014fbc5d4 	at com.nmote.mcf.DeliveryMessageProcessor.deliver(DeliveryMessageProcessor.java:51)
@400000005017d02014fbcda4 	at com.nmote.mcf.CompositeMessageProcessor.deliver(CompositeMessageProcessor.java:39)
@400000005017d02014fbd95c 	at com.nmote.mcf.McfMessageHandler.data(McfMessageHandler.java:44)
@400000005017d02014fbe8fc 	at org.subethamail.smtp.command.DataCommand.execute(DataCommand.java:62)
@400000005017d02014fbece4 	at org.subethamail.smtp.server.RequireTLSCommandWrapper.execute(RequireTLSCommandWrapper.java:30)
@400000005017d02014fbf0cc 	at org.subethamail.smtp.server.CommandHandler.handleCommand(CommandHandler.java:99)
@400000005017d02014fbf89c 	at org.subethamail.smtp.server.Session.runCommandLoop(Session.java:259)
@400000005017d02014fc006c 	at org.subethamail.smtp.server.Session.run(Session.java:160)
@400000005017d02014fc083c 	at java.util.concurrent.ThreadPoolExecutor$Worker.runTask(ThreadPoolExecutor.java:886)
@400000005017d02014fc0c24 	at java.util.concurrent.ThreadPoolExecutor$Worker.run(ThreadPoolExecutor.java:908)
@400000005017d02014fc100c 	at java.lang.Thread.run(Thread.java:662)
@400000005017d02014fc13f4 
@400000005017d02014fc17dc "pool-2-thread-118" prio=10 tid=0x08f2c800 nid=0x1e2c waiting on condition [0x6edfe000]
@400000005017d02014fc2394    java.lang.Thread.State: TIMED_WAITING (parking)
@400000005017d02014fc277c 	at sun.misc.Unsafe.park(Native Method)
@400000005017d02014fc2b64 	- parking to wait for  <0x740432a8> (a java.util.concurrent.SynchronousQueue$TransferStack)
@400000005017d02014fc2f4c 	at java.util.concurrent.locks.LockSupport.parkNanos(LockSupport.java:196)
@400000005017d02014fc3334 	at java.util.concurrent.SynchronousQueue$TransferStack.awaitFulfill(SynchronousQueue.java:424)
@400000005017d02014fc42d4 	at java.util.concurrent.SynchronousQueue$TransferStack.transfer(SynchronousQueue.java:323)
@400000005017d02014fc4aa4 	at java.util.concurrent.SynchronousQueue.poll(SynchronousQueue.java:874)
@400000005017d02014fc4e8c 	at java.util.concurrent.ThreadPoolExecutor.getTask(ThreadPoolExecutor.java:945)
@400000005017d02014fc5274 	at java.util.concurrent.ThreadPoolExecutor$Worker.run(ThreadPoolExecutor.java:907)
@400000005017d02014fc5e2c 	at java.lang.Thread.run(Thread.java:662)
@400000005017d02014fc6214 
@400000005017d02014fc6214 "org.subethamail.smtp.server.Session-/127.0.0.1:35046" prio=10 tid=0x0904a800 nid=0x1d97 runnable [0x6ec18000]
@400000005017d02014fc69e4    java.lang.Thread.State: RUNNABLE
@400000005017d02014fc6dcc 	at java.net.SocketInputStream.socketRead0(Native Method)
@400000005017d02014fc71b4 	at java.net.SocketInputStream.read(SocketInputStream.java:129)
@400000005017d02014fc7d6c 	at java.net.SocketInputStream.read(SocketInputStream.java:182)
@400000005017d02014fca094 	at org.subethamail.smtp.io.CRLFTerminatedReader.read(CRLFTerminatedReader.java:194)
@400000005017d02014fca47c 	at org.subethamail.smtp.io.CRLFTerminatedReader.readLine(CRLFTerminatedReader.java:135)
@400000005017d02014fca864 	at org.subethamail.smtp.server.Session.runCommandLoop(Session.java:237)
@400000005017d02014fcac4c 	at org.subethamail.smtp.server.Session.run(Session.java:160)
@400000005017d02014fcc3bc 	at java.util.concurrent.ThreadPoolExecutor$Worker.runTask(ThreadPoolExecutor.java:886)
@400000005017d02014fcc7a4 	at java.util.concurrent.ThreadPoolExecutor$Worker.run(ThreadPoolExecutor.java:908)
@400000005017d02014fccb8c 	at java.lang.Thread.run(Thread.java:662)
@400000005017d02014fccf74 
@400000005017d02014fcd35c "org.subethamail.smtp.server.Session-/127.0.0.1:35051" prio=10 tid=0x08e44c00 nid=0x1d95 runnable [0x6ead4000]
@400000005017d02014fcfa6c    java.lang.Thread.State: RUNNABLE
@400000005017d02014fcfe54 	at java.net.SocketInputStream.socketRead0(Native Method)
@400000005017d02014fd023c 	at java.net.SocketInputStream.read(SocketInputStream.java:129)
@400000005017d02014fd0624 	at java.net.SocketInputStream.read(SocketInputStream.java:182)
@400000005017d02014fd0a0c 	at org.subethamail.smtp.io.CRLFTerminatedReader.read(CRLFTerminatedReader.java:194)
@400000005017d02014fd15c4 	at org.subethamail.smtp.io.CRLFTerminatedReader.readLine(CRLFTerminatedReader.java:135)
@400000005017d02014fd19ac 	at org.subethamail.smtp.server.Session.runCommandLoop(Session.java:237)
@400000005017d02014fd1d94 	at org.subethamail.smtp.server.Session.run(Session.java:160)
@400000005017d02014fd217c 	at java.util.concurrent.ThreadPoolExecutor$Worker.runTask(ThreadPoolExecutor.java:886)
@400000005017d02014fd2d34 	at java.util.concurrent.ThreadPoolExecutor$Worker.run(ThreadPoolExecutor.java:908)
@400000005017d02014fd40bc 	at java.lang.Thread.run(Thread.java:662)
@400000005017d02014fd488c 
@400000005017d02014fd488c "org.subethamail.smtp.server.Session-/127.0.0.1:35049" prio=10 tid=0x09077000 nid=0x1d93 runnable [0x6eb76000]
@400000005017d02014fd505c    java.lang.Thread.State: RUNNABLE
@400000005017d02014fd5444 	at java.net.SocketInputStream.socketRead0(Native Method)
@400000005017d02014fd582c 	at java.net.SocketInputStream.read(SocketInputStream.java:129)
@400000005017d02014fd63e4 	at java.net.SocketInputStream.read(SocketInputStream.java:182)
@400000005017d02014fd67cc 	at org.subethamail.smtp.io.CRLFTerminatedReader.read(CRLFTerminatedReader.java:194)
@400000005017d02014fd6bb4 	at org.subethamail.smtp.io.CRLFTerminatedReader.readLine(CRLFTerminatedReader.java:135)
@400000005017d02014fd6f9c 	at org.subethamail.smtp.server.Session.runCommandLoop(Session.java:237)
@400000005017d02014fd7384 	at org.subethamail.smtp.server.Session.run(Session.java:160)
@400000005017d02014fd7f3c 	at java.util.concurrent.ThreadPoolExecutor$Worker.runTask(ThreadPoolExecutor.java:886)
@400000005017d02014fd8324 	at java.util.concurrent.ThreadPoolExecutor$Worker.run(ThreadPoolExecutor.java:908)
@400000005017d02014fd870c 	at java.lang.Thread.run(Thread.java:662)
@400000005017d02014fd8af4 
@400000005017d02014fd8edc "org.subethamail.smtp.server.Session-/127.0.0.1:34992" prio=10 tid=0x08ee0000 nid=0x1840 runnable [0x6eb25000]
@400000005017d02014fda264    java.lang.Thread.State: RUNNABLE
@400000005017d02014fda64c 	at java.net.SocketOutputStream.socketWrite0(Native Method)
@400000005017d02014fdaa34 	at java.net.SocketOutputStream.socketWrite(SocketOutputStream.java:92)
@400000005017d02014fdae1c 	at java.net.SocketOutputStream.write(SocketOutputStream.java:115)
@400000005017d02014fdb204 	at org.subethamail.smtp.io.DotTerminatedOutputStream.write(DotTerminatedOutputStream.java:47)
@400000005017d02014fdbdbc 	at java.io.OutputStream.write(OutputStream.java:99)
@400000005017d02014fdc1a4 	at org.subethamail.smtp.io.DotTerminatedOutputStream.write(DotTerminatedOutputStream.java:63)
@400000005017d02014fdc58c 	at org.subethamail.smtp.io.CRLFOutputStream.writeChunk(CRLFOutputStream.java:106)
@400000005017d02014fdcd5c 	at org.subethamail.smtp.io.ExtraDotOutputStream.writeChunk(ExtraDotOutputStream.java:52)
@400000005017d02014fdd914 	at org.subethamail.smtp.io.CRLFOutputStream.write(CRLFOutputStream.java:122)
@400000005017d02014fddcfc 	- locked <0x74186a28> (a org.subethamail.smtp.io.ExtraDotOutputStream)
@400000005017d02014fde0e4 	at org.subethamail.smtp.client.SmartClient.dataWrite(SmartClient.java:143)
@400000005017d02014fde4cc 	at com.nmote.mcf.SmtpDeliveryAgent.deliver(SmtpDeliveryAgent.java:56)
@400000005017d02014fdf084 	at com.nmote.mcf.DefaultDeliveryAgent.deliver(DefaultDeliveryAgent.java:24)
@400000005017d02014fe0024 	at com.nmote.mcf.DeliveryMessageProcessor.redeliver(DeliveryMessageProcessor.java:63)
@400000005017d02014fe040c 	at com.nmote.mcf.DeliveryMessageProcessor.deliver(DeliveryMessageProcessor.java:51)
@400000005017d02014fe07f4 	at com.nmote.mcf.CompositeMessageProcessor.deliver(CompositeMessageProcessor.java:39)
@400000005017d02014fe0fc4 	at com.nmote.mcf.McfMessageHandler.data(McfMessageHandler.java:44)
@400000005017d02014fe2b1c 	at org.subethamail.smtp.command.DataCommand.execute(DataCommand.java:62)
@400000005017d02014fe2f04 	at org.subethamail.smtp.server.RequireTLSCommandWrapper.execute(RequireTLSCommandWrapper.java:30)
@400000005017d02014fe32ec 	at org.subethamail.smtp.server.CommandHandler.handleCommand(CommandHandler.java:99)
@400000005017d02014fe36d4 	at org.subethamail.smtp.server.Session.runCommandLoop(Session.java:259)
@400000005017d02014fe428c 	at org.subethamail.smtp.server.Session.run(Session.java:160)
@400000005017d02014fe4674 	at java.util.concurrent.ThreadPoolExecutor$Worker.runTask(ThreadPoolExecutor.java:886)
@400000005017d02014fe4a5c 	at java.util.concurrent.ThreadPoolExecutor$Worker.run(ThreadPoolExecutor.java:908)
@400000005017d02014fe4e44 	at java.lang.Thread.run(Thread.java:662)
@400000005017d02014fe522c 
@400000005017d02014fe5614 "org.subethamail.smtp.server.Session-/127.0.0.1:35023" prio=10 tid=0x08fa3c00 nid=0x183f runnable [0x6f268000]
@400000005017d02014fe699c    java.lang.Thread.State: RUNNABLE
@400000005017d02014fe6d84 	at java.net.SocketOutputStream.write(SocketOutputStream.java:115)
@400000005017d02014fe716c 	at org.subethamail.smtp.io.DotTerminatedOutputStream.write(DotTerminatedOutputStream.java:47)
@400000005017d02014fe7554 	at java.io.OutputStream.write(OutputStream.java:99)
@400000005017d02014fe793c 	at org.subethamail.smtp.io.DotTerminatedOutputStream.write(DotTerminatedOutputStream.java:63)
@400000005017d02014fe84f4 	at org.subethamail.smtp.io.CRLFOutputStream.writeChunk(CRLFOutputStream.java:106)
@400000005017d02014fe88dc 	at org.subethamail.smtp.io.ExtraDotOutputStream.writeChunk(ExtraDotOutputStream.java:52)
@400000005017d02014fe8cc4 	at org.subethamail.smtp.io.CRLFOutputStream.write(CRLFOutputStream.java:122)
@400000005017d02014fe90ac 	- locked <0x9f1c51a8> (a org.subethamail.smtp.io.ExtraDotOutputStream)
@400000005017d02014fe9c64 	at org.subethamail.smtp.client.SmartClient.dataWrite(SmartClient.java:143)
@400000005017d02014fea04c 	at com.nmote.mcf.SmtpDeliveryAgent.deliver(SmtpDeliveryAgent.java:56)
@400000005017d02014fea434 	at com.nmote.mcf.DefaultDeliveryAgent.deliver(DefaultDeliveryAgent.java:24)
@400000005017d02014fea81c 	at com.nmote.mcf.DeliveryMessageProcessor.redeliver(DeliveryMessageProcessor.java:63)
@400000005017d02014febba4 	at com.nmote.mcf.DeliveryMessageProcessor.deliver(DeliveryMessageProcessor.java:51)
@400000005017d02014febf8c 	at com.nmote.mcf.CompositeMessageProcessor.deliver(CompositeMessageProcessor.java:39)
@400000005017d02014fec374 	at com.nmote.mcf.McfMessageHandler.data(McfMessageHandler.java:44)
@400000005017d02014fec75c 	at org.subethamail.smtp.command.DataCommand.execute(DataCommand.java:62)
@400000005017d02014fed314 	at org.subethamail.smtp.server.RequireTLSCommandWrapper.execute(RequireTLSCommandWrapper.java:30)
@400000005017d02014fed6fc 	at org.subethamail.smtp.server.CommandHandler.handleCommand(CommandHandler.java:99)
@400000005017d02014fedecc 	at org.subethamail.smtp.server.Session.runCommandLoop(Session.java:259)
@400000005017d02014fee2b4 	at org.subethamail.smtp.server.Session.run(Session.java:160)
@400000005017d02014feea84 	at java.util.concurrent.ThreadPoolExecutor$Worker.runTask(ThreadPoolExecutor.java:886)
@400000005017d02014feee6c 	at java.util.concurrent.ThreadPoolExecutor$Worker.run(ThreadPoolExecutor.java:908)
@400000005017d02014fef254 	at java.lang.Thread.run(Thread.java:662)
@400000005017d02014fef63c 
@400000005017d02014fefa24 "pool-2-thread-99" prio=10 tid=0x08fa7400 nid=0x183d waiting on condition [0x6f175000]
@400000005017d02014ff05dc    java.lang.Thread.State: TIMED_WAITING (parking)
@400000005017d02014ff09c4 	at sun.misc.Unsafe.park(Native Method)
@400000005017d02014ff2904 	- parking to wait for  <0x740432a8> (a java.util.concurrent.SynchronousQueue$TransferStack)
@400000005017d02014ff2cec 	at java.util.concurrent.locks.LockSupport.parkNanos(LockSupport.java:196)
@400000005017d02014ff30d4 	at java.util.concurrent.SynchronousQueue$TransferStack.awaitFulfill(SynchronousQueue.java:424)
@400000005017d02014ff38a4 	at java.util.concurrent.SynchronousQueue$TransferStack.transfer(SynchronousQueue.java:323)
@400000005017d02014ff445c 	at java.util.concurrent.SynchronousQueue.poll(SynchronousQueue.java:874)
@400000005017d02014ff4844 	at java.util.concurrent.ThreadPoolExecutor.getTask(ThreadPoolExecutor.java:945)
@400000005017d02014ff4c2c 	at java.util.concurrent.ThreadPoolExecutor$Worker.run(ThreadPoolExecutor.java:907)
@400000005017d02014ff5014 	at java.lang.Thread.run(Thread.java:662)
@400000005017d02014ff53fc 
@400000005017d02014ff5fb4 "DestroyJavaVM" prio=10 tid=0x6f9ab400 nid=0x5860 waiting on condition [0x00000000]
@400000005017d02014ff639c    java.lang.Thread.State: RUNNABLE
@400000005017d02014ff6784 
@400000005017d02014ff6784 "Redelivery 301s" daemon prio=10 tid=0x6f9a9400 nid=0x586f in Object.wait() [0x6f2b9000]
@400000005017d02014ff6b6c    java.lang.Thread.State: TIMED_WAITING (on object monitor)
@400000005017d02014ff733c 	at java.lang.Object.wait(Native Method)
@400000005017d02014ff733c 	- waiting on <0x74043828> (a com.nmote.mcf.Redelivery)
@400000005017d02014ff86c4 	at com.nmote.mcf.Redelivery.run(Redelivery.java:76)
@400000005017d02014ff8aac 	- locked <0x74043828> (a com.nmote.mcf.Redelivery)
@400000005017d02014ff8e94 	at java.lang.Thread.run(Thread.java:662)
@400000005017d02014ff927c 
@400000005017d02014ff9664 "org.subethamail.smtp.server.ServerThread /127.0.0.1:10027" prio=10 tid=0x6f9c4400 nid=0x586e runnable [0x6f30a000]
@400000005017d02014ff9a4c    java.lang.Thread.State: RUNNABLE
@400000005017d02014ffa604 	at java.net.PlainSocketImpl.socketAccept(Native Method)
@400000005017d02014ffa9ec 	at java.net.PlainSocketImpl.accept(PlainSocketImpl.java:408)
@400000005017d02014ffadd4 	- locked <0x7405e698> (a java.net.SocksSocketImpl)
@400000005017d02014ffb1bc 	at java.net.ServerSocket.implAccept(ServerSocket.java:462)
@400000005017d02014ffb5a4 	at java.net.ServerSocket.accept(ServerSocket.java:430)
@400000005017d02014ffb98c 	at org.subethamail.smtp.server.ServerThread.runAcceptLoop(ServerThread.java:110)
@400000005017d02014ffc544 	at org.subethamail.smtp.server.ServerThread.run(ServerThread.java:71)
@400000005017d02014ffc92c 
@400000005017d02014ffcd14 "com.google.inject.internal.util.$Finalizer" daemon prio=10 tid=0x08e03c00 nid=0x586d in Object.wait() [0x6f35b000]
@400000005017d02014ffd0fc    java.lang.Thread.State: WAITING (on object monitor)
@400000005017d02014ffd4e4 	at java.lang.Object.wait(Native Method)
@400000005017d02014ffe09c 	- waiting on <0x740651f8> (a java.lang.ref.ReferenceQueue$Lock)
@400000005017d02014ffe484 	at java.lang.ref.ReferenceQueue.remove(ReferenceQueue.java:118)
@400000005017d02014fff424 	- locked <0x740651f8> (a java.lang.ref.ReferenceQueue$Lock)
@400000005017d02014fff80c 	at java.lang.ref.ReferenceQueue.remove(ReferenceQueue.java:134)
@400000005017d02014fffbf4 	at com.google.inject.internal.util.$Finalizer.run(Finalizer.java:114)
@400000005017d020150003c4 
@400000005017d020150003c4 "Low Memory Detector" daemon prio=10 tid=0x6f904800 nid=0x586b runnable [0x00000000]
@400000005017d020150007ac    java.lang.Thread.State: RUNNABLE
@400000005017d02015001364 
@400000005017d0201500174c "C2 CompilerThread1" daemon prio=10 tid=0x6f902800 nid=0x586a waiting on condition [0x00000000]
@400000005017d02015001b34    java.lang.Thread.State: RUNNABLE
@400000005017d02015001f1c 
@400000005017d02015002304 "C2 CompilerThread0" daemon prio=10 tid=0x6f900800 nid=0x5869 waiting on condition [0x00000000]
@400000005017d020150026ec    java.lang.Thread.State: RUNNABLE
@400000005017d02015002ad4 
@400000005017d02015002ebc "Signal Dispatcher" daemon prio=10 tid=0x08d2ec00 nid=0x5868 waiting on condition [0x00000000]
@400000005017d02015003a74    java.lang.Thread.State: RUNNABLE
@400000005017d02015003e5c 
@400000005017d02015003e5c "Finalizer" daemon prio=10 tid=0x08d20c00 nid=0x5867 in Object.wait() [0x6fa73000]
@400000005017d0201500462c    java.lang.Thread.State: WAITING (on object monitor)
@400000005017d02015004a14 	at java.lang.Object.wait(Native Method)
@400000005017d02015004dfc 	- waiting on <0x7406a178> (a java.lang.ref.ReferenceQueue$Lock)
@400000005017d0201500656c 	at java.lang.ref.ReferenceQueue.remove(ReferenceQueue.java:118)
@400000005017d020150078f4 	- locked <0x7406a178> (a java.lang.ref.ReferenceQueue$Lock)
@400000005017d02015007cdc 	at java.lang.ref.ReferenceQueue.remove(ReferenceQueue.java:134)
@400000005017d020150080c4 	at java.lang.ref.Finalizer$FinalizerThread.run(Finalizer.java:159)
@400000005017d020150084ac 
@400000005017d02015008894 "Reference Handler" daemon prio=10 tid=0x08d1c400 nid=0x5866 in Object.wait() [0x6f6ad000]
@400000005017d02015008c7c    java.lang.Thread.State: WAITING (on object monitor)
@400000005017d02015009834 	at java.lang.Object.wait(Native Method)
@400000005017d02015009c1c 	- waiting on <0x7406a150> (a java.lang.ref.Reference$Lock)
@400000005017d0201500a004 	at java.lang.Object.wait(Object.java:485)
@400000005017d0201500a3ec 	at java.lang.ref.Reference$ReferenceHandler.run(Reference.java:116)
@400000005017d0201500a7d4 	- locked <0x7406a150> (a java.lang.ref.Reference$Lock)
@400000005017d0201500abbc 
@400000005017d0201500afa4 "VM Thread" prio=10 tid=0x08d18400 nid=0x5865 runnable 
@400000005017d0201500b774 
@400000005017d0201500bb5c "GC task thread#0 (ParallelGC)" prio=10 tid=0x08c80c00 nid=0x5861 runnable 
@400000005017d0201500bf44 
@400000005017d0201500c32c "GC task thread#1 (ParallelGC)" prio=10 tid=0x08c82400 nid=0x5862 runnable 
@400000005017d0201500c714 
@400000005017d0201500cafc "GC task thread#2 (ParallelGC)" prio=10 tid=0x08c83800 nid=0x5863 runnable 
@400000005017d0201500cee4 
@400000005017d0201500d2cc "GC task thread#3 (ParallelGC)" prio=10 tid=0x08c85000 nid=0x5864 runnable 
@400000005017d0201500e654 
@400000005017d0201500ea3c "VM Periodic Task Thread" prio=10 tid=0x6f906800 nid=0x586c waiting on condition 
@400000005017d0201500ee24 
@400000005017d0201500f20c JNI global references: 1464
@400000005017d0201500f5f4 
@400000005017d0201500f9dc Heap
@400000005017d0201500fdc4  PSYoungGen      total 7232K, used 2485K [0x9eac0000, 0x9f3d0000, 0xb4010000)
@400000005017d020150101ac   eden space 6720K, 29% used [0x9eac0000,0x9ecb1448,0x9f150000)
@400000005017d02015010d64   from space 512K, 96% used [0x9f170000,0x9f1ec110,0x9f1f0000)
@400000005017d0201501114c   to   space 1280K, 0% used [0x9f290000,0x9f290000,0x9f3d0000)
@400000005017d02015011534  PSOldGen        total 18240K, used 14259K [0x74010000, 0x751e0000, 0x9eac0000)
@400000005017d0201501191c   object space 18240K, 78% used [0x74010000,0x74dfce40,0x751e0000)
@400000005017d02015011d04  PSPermGen       total 16384K, used 12249K [0x70010000, 0x71010000, 0x74010000)
@400000005017d020150128bc   object space 16384K, 74% used [0x70010000,0x70c06488,0x71010000)
@400000005017d02015012ca4 
@400000005017d020151358fc 14:31:18.353  - DEBUG o.s.smtp.server.Session - Client: RSET
@400000005017d0201513a71c 14:31:18.353  - DEBUG o.s.smtp.server.Session - Server: 250 Ok
